
2024/11/03 (05:05:29) | ===> btop++ v.1.4.0
2024/11/03 (05:05:29) | WARNING: Intel GPU: Failed to initialize PMU

2024/11/03 (05:07:41) | ===> btop++ v.1.4.0
2024/11/03 (05:07:41) | WARNING: Intel GPU: Failed to initialize PMU
2024/11/03 (05:07:49) | ERROR: Couldn't determine terminal size of "STDOUT_FILENO"!
2024/11/03 (05:07:49) | ERROR: Couldn't determine terminal size of "/dev/tty"!

2024/11/03 (16:28:38) | ===> btop++ v.1.4.0
2024/11/03 (16:28:38) | WARNING: Intel GPU: Failed to initialize PMU

2024/11/03 (16:48:53) | ===> btop++ v.1.4.0
2024/11/03 (16:48:53) | WARNING: Intel GPU: Failed to initialize PMU

2024/11/07 (00:53:56) | ===> btop++ v.1.4.0
2024/11/07 (00:53:56) | WARNING: Intel GPU: Failed to initialize PMU

2024/11/28 (17:17:40) | ===> btop++ v.1.4.0
2024/11/28 (17:17:40) | WARNING: Intel GPU: Failed to initialize PMU

2024/12/19 (13:56:23) | ===> btop++ v.1.4.0
2024/12/19 (13:56:23) | WARNING: Intel GPU: Failed to initialize PMU

2024/12/19 (13:57:11) | ===> btop++ v.1.4.0
2024/12/19 (13:57:11) | WARNING: Intel GPU: Failed to initialize PMU

2024/12/23 (21:12:53) | ===> btop++ v.1.4.0
2024/12/23 (21:12:53) | WARNING: Intel GPU: Failed to initialize PMU

2024/12/24 (13:56:51) | ===> btop++ v.1.4.0
2024/12/24 (13:56:51) | WARNING: Intel GPU: Failed to initialize PMU
2024/12/24 (14:01:10) | ERROR: Exception during Config::unlock() : unordered_map::at

2024/12/24 (14:01:13) | ===> btop++ v.1.4.0
2024/12/24 (14:01:13) | WARNING: Intel GPU: Failed to initialize PMU

2024/12/24 (14:13:55) | ===> btop++ v.1.4.0
2024/12/24 (14:13:55) | WARNING: Intel GPU: Failed to initialize PMU

2024/12/26 (00:54:04) | ===> btop++ v.1.4.0
2024/12/26 (00:54:04) | WARNING: Intel GPU: Failed to initialize PMU

2024/12/26 (01:11:23) | ===> btop++ v.1.4.0
2024/12/26 (01:11:23) | WARNING: Intel GPU: Failed to initialize PMU

2024/12/26 (21:20:07) | ===> btop++ v.1.4.0
2024/12/26 (21:20:07) | WARNING: Intel GPU: Failed to initialize PMU
2024/12/26 (21:20:13) | ERROR: Stall in Runner thread, restarting!

2024/12/26 (21:28:19) | ===> btop++ v.1.4.0
2024/12/26 (21:28:19) | WARNING: Intel GPU: Failed to initialize PMU

2024/12/27 (01:50:07) | ===> btop++ v.1.4.0
2024/12/27 (01:50:07) | WARNING: Intel GPU: Failed to initialize PMU

2024/12/27 (21:05:06) | ===> btop++ v.1.4.0
2024/12/27 (21:05:06) | WARNING: Intel GPU: Failed to initialize PMU

2025/01/23 (01:06:10) | ===> btop++ v.1.4.0
2025/01/23 (01:06:10) | WARNING: Intel GPU: Failed to initialize PMU

2025/01/24 (22:10:35) | ===> btop++ v.1.4.0
2025/01/24 (22:10:35) | WARNING: Intel GPU: Failed to initialize PMU

2025/01/24 (22:15:56) | ===> btop++ v.1.4.0
2025/01/24 (22:15:56) | WARNING: Intel GPU: Failed to initialize PMU

2025/02/07 (22:39:54) | ===> btop++ v.1.4.0
2025/02/07 (22:39:54) | WARNING: Intel GPU: Failed to initialize PMU

2025/02/07 (23:53:04) | ===> btop++ v.1.4.0
2025/02/07 (23:53:04) | WARNING: Intel GPU: Failed to initialize PMU

2025/02/09 (22:43:12) | ===> btop++ v.1.4.0
2025/02/09 (22:43:12) | WARNING: Intel GPU: Failed to initialize PMU

2025/02/18 (01:13:31) | ===> btop++ v.1.4.0
2025/02/18 (01:13:31) | WARNING: Intel GPU: Failed to initialize PMU

2025/02/19 (21:25:38) | ===> btop++ v.1.4.0
2025/02/19 (21:25:38) | WARNING: Intel GPU: Failed to initialize PMU

2025/02/19 (21:36:59) | ===> btop++ v.1.4.0
2025/02/19 (21:36:59) | WARNING: Intel GPU: Failed to initialize PMU

2025/02/24 (21:41:10) | ===> btop++ v.1.4.0
2025/02/24 (21:41:10) | WARNING: Intel GPU: Failed to initialize PMU

2025/02/25 (01:17:43) | ===> btop++ v.1.4.0
2025/02/25 (01:17:43) | WARNING: Intel GPU: Failed to initialize PMU

2025/03/08 (14:30:38) | ===> btop++ v.1.4.0
2025/03/08 (14:30:38) | WARNING: Intel GPU: Failed to initialize PMU

2025/03/15 (11:11:40) | ===> btop++ v.1.4.0
2025/03/15 (11:11:40) | WARNING: Intel GPU: Failed to initialize PMU

2025/03/17 (01:34:10) | ===> btop++ v.1.4.0
2025/03/17 (01:34:10) | WARNING: Intel GPU: Failed to initialize PMU

2025/03/17 (01:35:27) | ===> btop++ v.1.4.0
2025/03/17 (01:35:27) | WARNING: Intel GPU: Failed to initialize PMU

2025/03/18 (08:59:26) | ===> btop++ v.1.4.0
2025/03/18 (08:59:26) | WARNING: Intel GPU: Failed to initialize PMU

2025/03/20 (12:41:36) | ===> btop++ v.1.4.0
2025/03/20 (12:41:36) | WARNING: Intel GPU: Failed to initialize PMU

2025/03/20 (13:08:15) | ===> btop++ v.1.4.0
2025/03/20 (13:08:15) | WARNING: Intel GPU: Failed to initialize PMU

2025/03/28 (22:02:37) | ===> btop++ v.1.4.0
2025/03/28 (22:02:37) | WARNING: Intel GPU: Failed to initialize PMU

2025/03/29 (00:31:59) | ===> btop++ v.1.4.0
2025/03/29 (00:31:59) | WARNING: Intel GPU: Failed to initialize PMU

2025/03/29 (13:48:37) | ===> btop++ v.1.4.0
2025/03/29 (13:48:37) | WARNING: Intel GPU: Failed to initialize PMU

2025/03/30 (21:21:24) | ===> btop++ v.1.4.0
2025/03/30 (21:21:24) | WARNING: Intel GPU: Failed to initialize PMU

2025/04/02 (00:31:12) | ===> btop++ v.1.4.0
2025/04/02 (00:31:12) | WARNING: Intel GPU: Failed to initialize PMU

2025/04/03 (22:49:19) | ===> btop++ v.1.4.0
2025/04/03 (22:49:19) | WARNING: Intel GPU: Failed to initialize PMU

2025/04/10 (23:09:48) | ===> btop++ v.1.4.0
2025/04/10 (23:09:48) | WARNING: Intel GPU: Failed to initialize PMU

2025/04/12 (18:44:00) | ===> btop++ v.1.4.0
2025/04/12 (18:44:00) | WARNING: Intel GPU: Failed to initialize PMU

2025/04/12 (20:11:08) | ===> btop++ v.1.4.0
2025/04/12 (20:11:08) | WARNING: Intel GPU: Failed to initialize PMU

2025/04/12 (22:55:13) | ===> btop++ v.1.4.0
2025/04/12 (22:55:13) | WARNING: Intel GPU: Failed to initialize PMU

2025/04/13 (00:51:24) | ===> btop++ v.1.4.0
2025/04/13 (00:51:24) | WARNING: Intel GPU: Failed to initialize PMU

2025/04/13 (02:04:15) | ===> btop++ v.1.4.0
2025/04/13 (02:04:15) | WARNING: Intel GPU: Failed to initialize PMU

2025/04/13 (03:11:47) | ===> btop++ v.1.4.0
2025/04/13 (03:11:47) | WARNING: Intel GPU: Failed to initialize PMU

2025/04/13 (19:47:52) | ===> btop++ v.1.4.0
2025/04/13 (19:47:52) | WARNING: Intel GPU: Failed to initialize PMU

2025/04/14 (01:05:52) | ===> btop++ v.1.4.0
2025/04/14 (01:05:52) | WARNING: Intel GPU: Failed to initialize PMU

2025/04/16 (00:11:38) | ===> btop++ v.1.4.0
2025/04/16 (00:11:38) | WARNING: Intel GPU: Failed to initialize PMU
2025/04/16 (00:11:46) | ERROR: Couldn't determine terminal size of "STDOUT_FILENO"!
2025/04/16 (00:11:46) | ERROR: Couldn't determine terminal size of "/dev/tty"!

2025/04/16 (00:13:02) | ===> btop++ v.1.4.0
2025/04/16 (00:13:02) | WARNING: Intel GPU: Failed to initialize PMU

2025/04/16 (00:21:28) | ===> btop++ v.1.4.0
2025/04/16 (00:21:28) | WARNING: Intel GPU: Failed to initialize PMU

2025/04/16 (00:23:09) | ===> btop++ v.1.4.0
2025/04/16 (00:23:09) | WARNING: Intel GPU: Failed to initialize PMU

2025/04/18 (02:00:47) | ===> btop++ v.1.4.0
2025/04/18 (02:00:47) | WARNING: Intel GPU: Failed to initialize PMU
2025/04/18 (02:01:56) | WARNING: Failed to join _runner thread on exit!

2025/04/18 (02:02:04) | ===> btop++ v.1.4.0
2025/04/18 (02:02:04) | WARNING: Intel GPU: Failed to initialize PMU

2025/04/18 (02:40:44) | ===> btop++ v.1.4.0
2025/04/18 (02:40:44) | WARNING: Intel GPU: Failed to initialize PMU

2025/04/18 (02:43:00) | ===> btop++ v.1.4.0
2025/04/18 (02:43:00) | WARNING: Intel GPU: Failed to initialize PMU

2025/04/20 (22:34:21) | ===> btop++ v.1.4.0
2025/04/20 (22:34:21) | WARNING: Intel GPU: Failed to initialize PMU

2025/04/23 (00:05:24) | ===> btop++ v.1.4.0
2025/04/23 (00:05:24) | WARNING: Intel GPU: Failed to initialize PMU

2025/04/23 (00:05:56) | ===> btop++ v.1.4.0
2025/04/23 (00:05:56) | WARNING: Intel GPU: Failed to initialize PMU

2025/04/23 (00:06:51) | ===> btop++ v.1.4.0
2025/04/23 (00:06:51) | WARNING: Intel GPU: Failed to initialize PMU

2025/04/23 (00:48:37) | ===> btop++ v.1.4.0
2025/04/23 (00:48:37) | WARNING: Intel GPU: Failed to initialize PMU

2025/04/23 (00:53:13) | ===> btop++ v.1.4.0
2025/04/23 (00:53:13) | WARNING: Intel GPU: Failed to initialize PMU

2025/04/23 (01:00:15) | ===> btop++ v.1.4.0
2025/04/23 (01:00:15) | WARNING: Intel GPU: Failed to initialize PMU
2025/04/23 (01:01:02) | WARNING: Failed to join _runner thread on exit!

2025/04/23 (01:03:49) | ===> btop++ v.1.4.0
2025/04/23 (01:03:49) | WARNING: Intel GPU: Failed to initialize PMU

2025/04/23 (01:21:14) | ===> btop++ v.1.4.0
2025/04/23 (01:21:14) | WARNING: Intel GPU: Failed to initialize PMU

2025/04/23 (21:14:25) | ===> btop++ v.1.4.0
2025/04/23 (21:14:25) | WARNING: Intel GPU: Failed to initialize PMU

2025/04/23 (22:27:55) | ===> btop++ v.1.4.0
2025/04/23 (22:27:55) | WARNING: Intel GPU: Failed to initialize PMU
2025/04/23 (22:28:15) | WARNING: Failed to join _runner thread on exit!

2025/04/23 (22:33:20) | ===> btop++ v.1.4.0
2025/04/23 (22:33:20) | WARNING: Intel GPU: Failed to initialize PMU
2025/04/23 (22:33:40) | WARNING: Failed to join _runner thread on exit!

2025/04/23 (22:37:50) | ===> btop++ v.1.4.0
2025/04/23 (22:37:50) | WARNING: Intel GPU: Failed to initialize PMU

2025/04/23 (22:39:36) | ===> btop++ v.1.4.0
2025/04/23 (22:39:36) | WARNING: Intel GPU: Failed to initialize PMU

2025/04/23 (22:40:37) | ===> btop++ v.1.4.0
2025/04/23 (22:40:37) | WARNING: Intel GPU: Failed to initialize PMU

2025/04/23 (22:58:38) | ===> btop++ v.1.4.0
2025/04/23 (22:58:38) | WARNING: Intel GPU: Failed to initialize PMU

2025/04/23 (22:59:11) | ===> btop++ v.1.4.0
2025/04/23 (22:59:11) | WARNING: Intel GPU: Failed to initialize PMU

2025/04/23 (23:02:30) | ===> btop++ v.1.4.0
2025/04/23 (23:02:30) | WARNING: Intel GPU: Failed to initialize PMU

2025/04/23 (23:07:51) | ===> btop++ v.1.4.0
2025/04/23 (23:07:51) | WARNING: Intel GPU: Failed to initialize PMU

2025/04/23 (23:09:38) | ===> btop++ v.1.4.0
2025/04/23 (23:09:38) | WARNING: Intel GPU: Failed to initialize PMU

2025/04/23 (23:10:10) | ===> btop++ v.1.4.0
2025/04/23 (23:10:10) | WARNING: Intel GPU: Failed to initialize PMU

2025/04/23 (23:13:46) | ===> btop++ v.1.4.0
2025/04/23 (23:13:46) | WARNING: Intel GPU: Failed to initialize PMU

2025/04/23 (23:23:46) | ===> btop++ v.1.4.0
2025/04/23 (23:23:46) | WARNING: Intel GPU: Failed to initialize PMU

2025/04/23 (23:24:28) | ===> btop++ v.1.4.0
2025/04/23 (23:24:28) | WARNING: Intel GPU: Failed to initialize PMU

2025/04/23 (23:25:50) | ===> btop++ v.1.4.0
2025/04/23 (23:25:50) | WARNING: Intel GPU: Failed to initialize PMU

2025/04/23 (23:26:25) | ===> btop++ v.1.4.0
2025/04/23 (23:26:25) | WARNING: Intel GPU: Failed to initialize PMU

2025/04/23 (23:35:49) | ===> btop++ v.1.4.0
2025/04/23 (23:35:49) | WARNING: Intel GPU: Failed to initialize PMU

2025/04/24 (00:49:24) | ===> btop++ v.1.4.0
2025/04/24 (00:49:24) | WARNING: Intel GPU: Failed to initialize PMU

2025/04/24 (00:56:36) | ===> btop++ v.1.4.0
2025/04/24 (00:56:36) | WARNING: Intel GPU: Failed to initialize PMU

2025/04/24 (00:59:40) | ===> btop++ v.1.4.0
2025/04/24 (00:59:40) | WARNING: Intel GPU: Failed to initialize PMU

2025/04/24 (01:01:04) | ===> btop++ v.1.4.0
2025/04/24 (01:01:04) | WARNING: Intel GPU: Failed to initialize PMU

2025/04/24 (01:06:42) | ===> btop++ v.1.4.0
2025/04/24 (01:06:42) | WARNING: Intel GPU: Failed to initialize PMU

2025/04/24 (02:09:22) | ===> btop++ v.1.4.0
2025/04/24 (02:09:22) | WARNING: Intel GPU: Failed to initialize PMU

2025/04/24 (02:10:30) | ===> btop++ v.1.4.0
2025/04/24 (02:10:30) | WARNING: Intel GPU: Failed to initialize PMU

2025/04/24 (02:11:26) | ===> btop++ v.1.4.0
2025/04/24 (02:11:26) | WARNING: Intel GPU: Failed to initialize PMU

2025/04/24 (02:16:37) | ===> btop++ v.1.4.0
2025/04/24 (02:16:37) | WARNING: Intel GPU: Failed to initialize PMU

2025/04/24 (02:17:30) | ===> btop++ v.1.4.0
2025/04/24 (02:17:30) | WARNING: Intel GPU: Failed to initialize PMU

2025/04/24 (21:00:50) | ===> btop++ v.1.4.0
2025/04/24 (21:00:50) | WARNING: Intel GPU: Failed to initialize PMU

2025/04/24 (21:25:13) | ===> btop++ v.1.4.0
2025/04/24 (21:25:13) | WARNING: Intel GPU: Failed to initialize PMU

2025/04/24 (21:30:11) | ===> btop++ v.1.4.0
2025/04/24 (21:30:11) | WARNING: Intel GPU: Failed to initialize PMU

2025/04/24 (22:27:59) | ===> btop++ v.1.4.0
2025/04/24 (22:27:59) | WARNING: Intel GPU: Failed to initialize PMU

2025/04/24 (22:38:18) | ===> btop++ v.1.4.0
2025/04/24 (22:38:18) | WARNING: Intel GPU: Failed to initialize PMU

2025/04/24 (23:33:42) | ===> btop++ v.1.4.0
2025/04/24 (23:33:42) | WARNING: Intel GPU: Failed to initialize PMU

2025/04/25 (00:38:02) | ===> btop++ v.1.4.0
2025/04/25 (00:38:02) | WARNING: Intel GPU: Failed to initialize PMU

2025/04/25 (20:16:54) | ===> btop++ v.1.4.0
2025/04/25 (20:16:54) | WARNING: Intel GPU: Failed to initialize PMU

2025/04/26 (03:31:39) | ===> btop++ v.1.4.0
2025/04/26 (03:31:39) | WARNING: Intel GPU: Failed to initialize PMU

2025/04/26 (04:06:48) | ===> btop++ v.1.4.0
2025/04/26 (04:06:48) | WARNING: Intel GPU: Failed to initialize PMU

2025/04/27 (01:42:49) | ===> btop++ v.1.4.0
2025/04/27 (01:42:49) | WARNING: Intel GPU: Failed to initialize PMU

2025/04/29 (21:05:12) | ===> btop++ v.1.4.0
2025/04/29 (21:05:12) | WARNING: Intel GPU: Failed to initialize PMU

2025/04/29 (21:42:56) | ===> btop++ v.1.4.0
2025/04/29 (21:42:56) | WARNING: Intel GPU: Failed to initialize PMU

2025/04/29 (23:47:10) | ===> btop++ v.1.4.0
2025/04/29 (23:47:10) | WARNING: Intel GPU: Failed to initialize PMU

2025/04/29 (23:47:38) | ===> btop++ v.1.4.0
2025/04/29 (23:47:38) | WARNING: Intel GPU: Failed to initialize PMU

2025/04/30 (02:52:03) | ===> btop++ v.1.4.0
2025/04/30 (02:52:03) | WARNING: Intel GPU: Failed to initialize PMU

2025/04/30 (02:52:37) | ===> btop++ v.1.4.0
2025/04/30 (02:52:37) | WARNING: Intel GPU: Failed to initialize PMU

2025/05/01 (02:51:08) | ===> btop++ v.1.4.0
2025/05/01 (02:51:08) | WARNING: Intel GPU: Failed to initialize PMU

2025/05/01 (02:52:23) | ===> btop++ v.1.4.0
2025/05/01 (02:52:23) | WARNING: Intel GPU: Failed to initialize PMU

2025/05/01 (09:54:46) | ===> btop++ v.1.4.0
2025/05/01 (09:54:46) | WARNING: Intel GPU: Failed to initialize PMU

2025/05/01 (10:40:35) | ===> btop++ v.1.4.0
2025/05/01 (10:40:35) | WARNING: Intel GPU: Failed to initialize PMU

2025/05/02 (16:33:27) | ===> btop++ v.1.4.0
2025/05/02 (16:33:27) | WARNING: Intel GPU: Failed to initialize PMU

2025/05/02 (18:55:11) | ===> btop++ v.1.4.0
2025/05/02 (18:55:11) | WARNING: Intel GPU: Failed to initialize PMU

2025/05/02 (18:55:15) | ===> btop++ v.1.4.0
2025/05/02 (18:55:15) | WARNING: Intel GPU: Failed to initialize PMU

2025/05/02 (19:19:00) | ===> btop++ v.1.4.0
2025/05/02 (19:19:00) | WARNING: Intel GPU: Failed to initialize PMU

2025/05/04 (21:11:53) | ===> btop++ v.1.4.0
2025/05/04 (21:11:53) | WARNING: Intel GPU: Failed to initialize PMU

2025/05/04 (21:18:42) | ===> btop++ v.1.4.0
2025/05/04 (21:18:42) | WARNING: Intel GPU: Failed to initialize PMU

2025/05/04 (21:18:51) | ===> btop++ v.1.4.0
2025/05/04 (21:18:51) | WARNING: Intel GPU: Failed to initialize PMU

2025/05/07 (08:05:52) | ===> btop++ v.1.4.0
2025/05/07 (08:05:52) | WARNING: Intel GPU: Failed to initialize PMU

2025/05/08 (18:49:31) | ===> btop++ v.1.4.0
2025/05/08 (18:49:31) | WARNING: Intel GPU: Failed to initialize PMU

2025/05/16 (21:18:57) | ===> btop++ v.1.4.0
2025/05/16 (21:18:57) | WARNING: Intel GPU: Failed to initialize PMU
